\BOOKMARK [1][-]{section.1}{Introduction}{}% 1
\BOOKMARK [1][-]{section.2}{Expected exit time from a domain}{}% 2
\BOOKMARK [2][-]{subsection.2.1}{Numerical Methods}{section.2}% 3
\BOOKMARK [3][-]{subsubsection.2.1.1}{Discrete Euler-Maruyama}{subsection.2.1}% 4
\BOOKMARK [3][-]{subsubsection.2.1.2}{Continuous Euler-Maruyama. }{subsection.2.1}% 5
\BOOKMARK [3][-]{subsubsection.2.1.3}{A space and time adaptive procedure}{subsection.2.1}% 6
\BOOKMARK [3][-]{subsubsection.2.1.4}{Reflecting boundaries}{subsection.2.1}% 7
\BOOKMARK [2][-]{subsection.2.2}{A PDE approach}{section.2}% 8
\BOOKMARK [2][-]{subsection.2.3}{Numerical Experiments}{section.2}% 9
\BOOKMARK [3][-]{subsubsection.2.3.1}{One-Dimensional Case}{subsection.2.3}% 10
\BOOKMARK [3][-]{subsubsection.2.3.2}{Two-dimensional case}{subsection.2.3}% 11
\BOOKMARK [3][-]{subsubsection.2.3.3}{Adaptivity}{subsection.2.3}% 12
\BOOKMARK [1][-]{section.3}{Theoretical investigation}{}% 13
\BOOKMARK [2][-]{subsection.3.1}{Analysis of perturbed SDEs}{section.3}% 14
\BOOKMARK [2][-]{subsection.3.2}{Analysis of numerical convergence}{section.3}% 15
\BOOKMARK [2][-]{subsection.3.3}{Numerical experiments}{section.3}% 16
\BOOKMARK [1][-]{section.4}{The uncertain Darcy problem}{}% 17
\BOOKMARK [2][-]{subsection.4.1}{Problem statement}{section.4}% 18
\BOOKMARK [2][-]{subsection.4.2}{Finite Elements solution of the Darcy problem}{section.4}% 19
\BOOKMARK [2][-]{subsection.4.3}{Solution of the SDE}{section.4}% 20
\BOOKMARK [2][-]{subsection.4.4}{Summary}{section.4}% 21
\BOOKMARK [2][-]{subsection.4.5}{Estimation of the exit time}{section.4}% 22
\BOOKMARK [1][-]{section.5}{Conclusion}{}% 23
\BOOKMARK [1][-]{Appendix.a.A}{Appendix Analytic expression of the mean exit time in the one-dimensional case}{}% 24
\BOOKMARK [1][-]{Appendix.a.B}{Appendix Numerical approximation of the exit probability with Finite Differences in the one-dimensional case}{}% 25
